<?xml version="1.0" encoding="UTF-8"?>
<!-- Generated by org.testng.reporters.JUnitReportReporter -->
<testsuite hostname="DESKTOP-OP7I3MO" failures="0" tests="7" name="com.qa.blazedemo.testcases.PurchaseflightPageTest" time="50.832" errors="0" timestamp="2022-01-08T23:53:00 AST" skipped="0">
  <testcase classname="com.qa.blazedemo.testcases.PurchaseflightPageTest" name="purchaseFlight" time="6.612"/>
  <system-out/>
  <testcase classname="com.qa.blazedemo.testcases.PurchaseflightPageTest" name="purchaseFlight" time="6.771"/>
  <system-out/>
  <testcase classname="com.qa.blazedemo.testcases.PurchaseflightPageTest" name="purchaseFlight" time="6.716"/>
  <system-out/>
  <testcase classname="com.qa.blazedemo.testcases.PurchaseflightPageTest" name="purchaseFlight" time="6.659"/>
  <system-out/>
  <testcase classname="com.qa.blazedemo.testcases.PurchaseflightPageTest" name="purchaseFlight" time="6.776"/>
  <system-out/>
  <testcase classname="com.qa.blazedemo.testcases.PurchaseflightPageTest" name="purchaseFlight" time="10.692"/>
  <system-out/>
  <testcase classname="com.qa.blazedemo.testcases.PurchaseflightPageTest" name="purchaseFlight" time="6.606"/>
  <system-out/>
</testsuite> <!-- com.qa.blazedemo.testcases.PurchaseflightPageTest -->
