<?xml version="1.0" encoding="UTF-8"?>
<!-- Generated by org.testng.reporters.JUnitReportReporter -->
<testsuite hostname="DESKTOP-OP7I3MO" failures="0" tests="2" name="com.qa.blazedemo.testcases.ChooseFlightPageTest" time="3.458" errors="0" timestamp="2022-01-08T22:48:37 AST" skipped="0">
  <testcase classname="com.qa.blazedemo.testcases.ChooseFlightPageTest" name="findflightTest" time="3.033"/>
  <system-out/>
  <testcase classname="com.qa.blazedemo.testcases.ChooseFlightPageTest" name="chooseflightTest" time="0.425"/>
  <system-out/>
</testsuite> <!-- com.qa.blazedemo.testcases.ChooseFlightPageTest -->
