<?xml version="1.0" encoding="UTF-8"?>
<!-- Generated by org.testng.reporters.JUnitReportReporter -->
<testsuite hostname="DESKTOP-OP7I3MO" failures="0" tests="2" name="com.qa.blazedemo.testcases.MainPageTest" time="1.647" errors="0" timestamp="2022-01-08T23:56:54 AST" skipped="0">
  <testcase classname="com.qa.blazedemo.testcases.MainPageTest" name="clickTravellinkTest" time="0.475"/>
  <system-out/>
  <testcase classname="com.qa.blazedemo.testcases.MainPageTest" name="clickdestinationTest" time="1.172"/>
  <system-out/>
</testsuite> <!-- com.qa.blazedemo.testcases.MainPageTest -->
