<?xml version="1.0" encoding="UTF-8"?>
<!-- Generated by org.testng.reporters.JUnitReportReporter -->
<testsuite hostname="DESKTOP-OP7I3MO" failures="0" tests="1" name="com.qa.capstone.RestAPI.GetAirlineById" time="2.425" errors="0" timestamp="2022-01-09T02:21:16 AST" skipped="0">
  <testcase classname="com.qa.capstone.RestAPI.GetAirlineById" name="getAirlineByID" time="2.425"/>
  <system-out/>
</testsuite> <!-- com.qa.capstone.RestAPI.GetAirlineById -->
