<?xml version="1.0" encoding="UTF-8"?>
<!-- Generated by org.testng.reporters.JUnitReportReporter -->
<testsuite hostname="DESKTOP-OP7I3MO" failures="0" tests="2" name="com.qa.blazedemo.testcases.MainPageTest" time="1.616" errors="0" timestamp="08 Jan 2022 19:12:01 GMT" skipped="0">
  <testcase classname="com.qa.blazedemo.testcases.MainPageTest" name="clickdestinationTest" time="1.118"/>
  <testcase classname="com.qa.blazedemo.testcases.MainPageTest" name="clickTravellinkTest" time="0.498"/>
</testsuite> <!-- com.qa.blazedemo.testcases.MainPageTest -->
