<?xml version="1.0" encoding="UTF-8"?>
<!-- Generated by org.testng.reporters.JUnitReportReporter -->
<testsuite hostname="DESKTOP-OP7I3MO" failures="0" tests="1" name="com.qa.blazedemo.testcases.FindFlightPageTest" time="2.692" errors="0" timestamp="2022-01-08T22:48:37 AST" skipped="0">
  <testcase classname="com.qa.blazedemo.testcases.FindFlightPageTest" name="findFlightTest" time="2.692"/>
  <system-out/>
</testsuite> <!-- com.qa.blazedemo.testcases.FindFlightPageTest -->
