<?xml version="1.0" encoding="UTF-8"?>
<!-- Generated by org.testng.reporters.JUnitReportReporter -->
<testsuite hostname="DESKTOP-OP7I3MO" failures="0" tests="1" name="com.qa.capstone.RestAPI.POSTPassenger" time="2.686" errors="0" timestamp="2022-01-09T02:29:00 AST" skipped="0">
  <testcase classname="com.qa.capstone.RestAPI.POSTPassenger" name="postReq" time="2.686"/>
  <system-out/>
</testsuite> <!-- com.qa.capstone.RestAPI.POSTPassenger -->
