<?xml version="1.0" encoding="UTF-8"?>
<!-- Generated by org.testng.reporters.JUnitReportReporter -->
<testsuite hostname="DESKTOP-OP7I3MO" failures="0" tests="1" name="com.qa.capstone.RestAPI.AutomateGetRequest" time="4.790" errors="0" timestamp="2022-01-09T02:08:00 AST" skipped="0">
  <testcase classname="com.qa.capstone.RestAPI.AutomateGetRequest" name="validate_get_status_code" time="4.790"/>
  <system-out/>
</testsuite> <!-- com.qa.capstone.RestAPI.AutomateGetRequest -->
