<?xml version="1.0" encoding="UTF-8"?>
<!-- Generated by org.testng.reporters.JUnitReportReporter -->
<testsuite hostname="DESKTOP-OP7I3MO" failures="0" tests="3" name="com.qa.blazedemo.testcases.LoginPageTest" time="3.344" errors="0" timestamp="2022-01-08T22:48:37 AST" skipped="0">
  <testcase classname="com.qa.blazedemo.testcases.LoginPageTest" name="clickLinkToLoginPageTest" time="2.043"/>
  <system-out/>
  <testcase classname="com.qa.blazedemo.testcases.LoginPageTest" name="verifyLoginURLTest" time="0.015"/>
  <system-out/>
  <testcase classname="com.qa.blazedemo.testcases.LoginPageTest" name="logindetailsTest" time="1.286"/>
  <system-out/>
</testsuite> <!-- com.qa.blazedemo.testcases.LoginPageTest -->
