<?xml version="1.0" encoding="UTF-8"?>
<!-- Generated by org.testng.reporters.JUnitReportReporter -->
<testsuite hostname="DESKTOP-OP7I3MO" failures="0" tests="4" name="com.qa.blazedemo.testcases.RegisterPageTest" time="4.414" errors="0" timestamp="2022-01-08T22:48:37 AST" skipped="0">
  <testcase classname="com.qa.blazedemo.testcases.RegisterPageTest" name="verifiyTitleTest" time="0.017"/>
  <system-out/>
  <testcase classname="com.qa.blazedemo.testcases.RegisterPageTest" name="clickLinkToRegisterTest" time="2.775"/>
  <system-out/>
  <testcase classname="com.qa.blazedemo.testcases.RegisterPageTest" name="verifyRegisterURLTest" time="0.015"/>
  <system-out/>
  <testcase classname="com.qa.blazedemo.testcases.RegisterPageTest" name="registerUserTest" time="1.607"/>
  <system-out/>
</testsuite> <!-- com.qa.blazedemo.testcases.RegisterPageTest -->
